[dotenv] Set [36mDATABASE_URL[0m, [36mPOSTGRES_USER[0m, [36mPOSTGRES_PASSWORD[0m, [36mPOSTGRES_DB[0m, [36mRAILS_ENV[0m, [36mRAILS_SERVE_STATIC_FILES[0m, [36mRAILS_LOG_TO_STDOUT[0m, [36mSECRET_KEY_BASE[0m, [36mFRONTEND_URL[0m, [36mPORT[0m, and [36mBINDING[0m
[dotenv] Loaded [33m.env[0m
[dotenv] Set [36mDATABASE_URL[0m, [36mPOSTGRES_USER[0m, [36mPOSTGRES_PASSWORD[0m, [36mPOSTGRES_DB[0m, [36mRAILS_SERVE_STATIC_FILES[0m, [36mRAILS_LOG_TO_STDOUT[0m, [36mSECRET_KEY_BASE[0m, [36mFRONTEND_URL[0m, [36mPORT[0m, and [36mBINDING[0m
[dotenv] Loaded [33m.env[0m
[dotenv] Set [36mDATABASE_URL[0m, [36mPOSTGRES_USER[0m, [36mPOSTGRES_PASSWORD[0m, [36mPOSTGRES_DB[0m, [36mRAILS_SERVE_STATIC_FILES[0m, [36mRAILS_LOG_TO_STDOUT[0m, [36mSECRET_KEY_BASE[0m, [36mFRONTEND_URL[0m, [36mPORT[0m, and [36mBINDING[0m
[dotenv] Loaded [33m.env[0m
[dotenv] Set [36mDATABASE_URL[0m, [36mPOSTGRES_USER[0m, [36mPOSTGRES_PASSWORD[0m, [36mPOSTGRES_DB[0m, [36mRAILS_SERVE_STATIC_FILES[0m, [36mRAILS_LOG_TO_STDOUT[0m, [36mSECRET_KEY_BASE[0m, [36mFRONTEND_URL[0m, [36mPORT[0m, and [36mBINDING[0m
[dotenv] Loaded [33m.env[0m
[dotenv] Set [36mDATABASE_URL[0m, [36mPOSTGRES_USER[0m, [36mPOSTGRES_PASSWORD[0m, [36mPOSTGRES_DB[0m, [36mRAILS_SERVE_STATIC_FILES[0m, [36mRAILS_LOG_TO_STDOUT[0m, [36mSECRET_KEY_BASE[0m, [36mFRONTEND_URL[0m, [36mPORT[0m, and [36mBINDING[0m
[dotenv] Loaded [33m.env[0m
[dotenv] Set [36mDATABASE_URL[0m, [36mPOSTGRES_USER[0m, [36mPOSTGRES_PASSWORD[0m, [36mPOSTGRES_DB[0m, [36mRAILS_SERVE_STATIC_FILES[0m, [36mRAILS_LOG_TO_STDOUT[0m, [36mSECRET_KEY_BASE[0m, [36mFRONTEND_URL[0m, [36mPORT[0m, and [36mBINDING[0m
[dotenv] Loaded [33m.env[0m
[dotenv] Set [36mDATABASE_URL[0m, [36mPOSTGRES_USER[0m, [36mPOSTGRES_PASSWORD[0m, [36mPOSTGRES_DB[0m, [36mRAILS_SERVE_STATIC_FILES[0m, [36mRAILS_LOG_TO_STDOUT[0m, [36mSECRET_KEY_BASE[0m, [36mFRONTEND_URL[0m, [36mPORT[0m, and [36mBINDING[0m
[dotenv] Loaded [33m.env[0m
[dotenv] Set [36mDATABASE_URL[0m, [36mPOSTGRES_USER[0m, [36mPOSTGRES_PASSWORD[0m, [36mPOSTGRES_DB[0m, [36mRAILS_SERVE_STATIC_FILES[0m, [36mRAILS_LOG_TO_STDOUT[0m, [36mSECRET_KEY_BASE[0m, [36mFRONTEND_URL[0m, [36mPORT[0m, and [36mBINDING[0m
[dotenv] Loaded [33m.env[0m
Started GET "/api/v1/health" for ::1 at 2025-06-06 20:58:25 +0700
  [1m[35m (17.0ms)[0m  [1m[35mCREATE TABLE "schema_migrations" ("version" character varying NOT NULL PRIMARY KEY)[0m
  [1m[35m (1.0ms)[0m  [1m[35mCREATE TABLE "ar_internal_metadata" ("key" character varying NOT NULL PRIMARY KEY, "value" character varying, "created_at" timestamp(6) NOT NULL, "updated_at" timestamp(6) NOT NULL)[0m
  [1m[36mActiveRecord::SchemaMigration Load (0.4ms)[0m  [1m[34mSELECT "schema_migrations"."version" FROM "schema_migrations" ORDER BY "schema_migrations"."version" ASC[0m
Processing by Api::V1::HealthController#index as */*
  Parameters: {"health"=>{}}
Completed 200 OK in 5ms (Views: 0.2ms | ActiveRecord: 0.0ms | Allocations: 3662)


